TN:
SF:src/infra/repositories/Fake/FakePrismaUserRepoSitory.ts
FN:7,FakePrismaUserRepoSitory
FN:9,createUser
FN:27,updateUser
FN:43,findUserById
FN:51,findUserByEmail
FN:58,findUsers
FN:63,deleteUser
FNF:7
FNH:3
FNDA:1,FakePrismaUserRepoSitory
FNDA:1,createUser
FNDA:0,updateUser
FNDA:0,findUserById
FNDA:2,findUserByEmail
FNDA:0,findUsers
FNDA:0,deleteUser
DA:1,1
DA:2,1
DA:3,1
DA:4,1
DA:5,1
DA:6,1
DA:7,1
DA:8,1
DA:9,1
DA:10,1
DA:11,1
DA:12,1
DA:13,1
DA:14,1
DA:15,1
DA:16,1
DA:17,1
DA:18,1
DA:19,1
DA:20,1
DA:21,1
DA:22,1
DA:23,1
DA:24,1
DA:25,1
DA:26,1
DA:27,1
DA:28,0
DA:29,0
DA:30,0
DA:31,0
DA:32,0
DA:33,0
DA:34,0
DA:35,0
DA:36,0
DA:37,0
DA:38,0
DA:39,0
DA:40,0
DA:41,0
DA:42,1
DA:43,1
DA:44,0
DA:45,0
DA:46,0
DA:47,0
DA:48,0
DA:49,0
DA:50,1
DA:51,1
DA:52,2
DA:53,2
DA:54,2
DA:55,2
DA:56,2
DA:57,1
DA:58,1
DA:59,0
DA:60,0
DA:61,0
DA:62,1
DA:63,1
DA:64,0
DA:65,0
DA:66,0
DA:67,0
DA:68,0
DA:69,0
DA:70,1
LF:70
LH:41
BRDA:7,0,0,1
BRDA:9,1,0,1
BRDA:51,2,0,2
BRDA:53,3,0,1
BRDA:53,4,0,1
BRF:5
BRH:5
end_of_record
TN:
SF:src/infra/services/users/PrismaCreateUserService.ts
FN:13,PrismaCreateUserService
FN:15,execute
FNF:2
FNH:2
FNDA:1,PrismaCreateUserService
FNDA:2,execute
DA:1,1
DA:2,1
DA:3,1
DA:4,1
DA:5,1
DA:6,1
DA:7,1
DA:8,1
DA:9,1
DA:10,1
DA:11,1
DA:12,1
DA:13,1
DA:14,1
DA:15,1
DA:16,2
DA:17,2
DA:18,2
DA:19,2
DA:20,2
DA:21,2
DA:22,2
DA:23,1
DA:24,1
DA:25,1
DA:26,1
DA:27,1
DA:28,1
DA:29,1
DA:30,1
DA:31,1
DA:32,1
DA:33,1
DA:34,1
DA:35,1
DA:36,1
LF:36
LH:36
BRDA:13,0,0,1
BRDA:15,1,0,2
BRDA:22,2,0,1
BRF:3
BRH:3
end_of_record
TN:
SF:src/outils/prisma.ts
FNF:0
FNH:0
DA:1,1
DA:2,1
DA:3,1
DA:4,1
DA:5,1
LF:5
LH:5
BRF:0
BRH:0
end_of_record
